# JRE version: OpenJDK Runtime Environment (8.0_152-b06) (build 1.8.0_152-release-1136-b06)
# Java VM: OpenJDK 64-Bit Server VM (25.152-b06 mixed mode windows-amd64 compressed oops)
Heap:
 PSYoungGen      total 150016K, used 17854K [0x00000000e0000000, 0x00000000ec200000, 0x0000000100000000)
  eden space 134656K, 1% used [0x00000000e0000000,0x00000000e0276040,0x00000000e8380000)
  from space 15360K, 99% used [0x00000000e8380000,0x00000000e9279868,0x00000000e9280000)
  to   space 17920K, 0% used [0x00000000eb080000,0x00000000eb080000,0x00000000ec200000)
 ParOldGen       total 104960K, used 23101K [0x00000000a0000000, 0x00000000a6680000, 0x00000000e0000000)
  object space 104960K, 22% used [0x00000000a0000000,0x00000000a168f7b0,0x00000000a6680000)
 Metaspace       used 48031K, capacity 49008K, committed 49280K, reserved 1091584K
  class space    used 6462K, capacity 6761K, committed 6784K, reserved 1048576K
GC Heap History (10 events):
Event: 8.053 GC heap before
{Heap before GC invocations=7 (full 1):
 PSYoungGen      total 70656K, used 65536K [0x00000000e0000000, 0x00000000e9400000, 0x0000000100000000)
  eden space 65536K, 100% used [0x00000000e0000000,0x00000000e4000000,0x00000000e4000000)
  from space 5120K, 0% used [0x00000000e4000000,0x00000000e4000000,0x00000000e4500000)
  to   space 10240K, 0% used [0x00000000e8a00000,0x00000000e8a00000,0x00000000e9400000)
 ParOldGen       total 62464K, used 8391K [0x00000000a0000000, 0x00000000a3d00000, 0x00000000e0000000)
  object space 62464K, 13% used [0x00000000a0000000,0x00000000a0831d00,0x00000000a3d00000)
 Metaspace       used 26529K, capacity 26966K, committed 27136K, reserved 1073152K
  class space    used 3637K, capacity 3797K, committed 3840K, reserved 1048576K
Event: 8.073 GC heap after
Heap after GC invocations=7 (full 1):
 PSYoungGen      total 102400K, used 6943K [0x00000000e0000000, 0x00000000e9100000, 0x0000000100000000)
  eden space 95232K, 0% used [0x00000000e0000000,0x00000000e0000000,0x00000000e5d00000)
  from space 7168K, 96% used [0x00000000e8a00000,0x00000000e90c7ca8,0x00000000e9100000)
  to   space 9728K, 0% used [0x00000000e7e00000,0x00000000e7e00000,0x00000000e8780000)
 ParOldGen       total 62464K, used 8399K [0x00000000a0000000, 0x00000000a3d00000, 0x00000000e0000000)
  object space 62464K, 13% used [0x00000000a0000000,0x00000000a0833d00,0x00000000a3d00000)
 Metaspace       used 26529K, capacity 26966K, committed 27136K, reserved 1073152K
  class space    used 3637K, capacity 3797K, committed 3840K, reserved 1048576K
}
Event: 10.520 GC heap before
{Heap before GC invocations=8 (full 1):
 PSYoungGen      total 102400K, used 100298K [0x00000000e0000000, 0x00000000e9100000, 0x0000000100000000)
  eden space 95232K, 98% used [0x00000000e0000000,0x00000000e5b2abf0,0x00000000e5d00000)
  from space 7168K, 96% used [0x00000000e8a00000,0x00000000e90c7ca8,0x00000000e9100000)
  to   space 9728K, 0% used [0x00000000e7e00000,0x00000000e7e00000,0x00000000e8780000)
 ParOldGen       total 62464K, used 8399K [0x00000000a0000000, 0x00000000a3d00000, 0x00000000e0000000)
  object space 62464K, 13% used [0x00000000a0000000,0x00000000a0833d00,0x00000000a3d00000)
 Metaspace       used 34712K, capacity 35308K, committed 35416K, reserved 1079296K
  class space    used 4812K, capacity 5026K, committed 5120K, reserved 1048576K
Event: 10.557 GC heap after
Heap after GC invocations=8 (full 1):
 PSYoungGen      total 138752K, used 9727K [0x00000000e0000000, 0x00000000e9f00000, 0x0000000100000000)
  eden space 129024K, 0% used [0x00000000e0000000,0x00000000e0000000,0x00000000e7e00000)
  from space 9728K, 99% used [0x00000000e7e00000,0x00000000e877fc40,0x00000000e8780000)
  to   space 12800K, 0% used [0x00000000e9280000,0x00000000e9280000,0x00000000e9f00000)
 ParOldGen       total 62464K, used 11524K [0x00000000a0000000, 0x00000000a3d00000, 0x00000000e0000000)
  object space 62464K, 18% used [0x00000000a0000000,0x00000000a0b41338,0x00000000a3d00000)
 Metaspace       used 34712K, capacity 35308K, committed 35416K, reserved 1079296K
  class space    used 4812K, capacity 5026K, committed 5120K, reserved 1048576K
}
Event: 10.557 GC heap before
{Heap before GC invocations=9 (full 2):
 PSYoungGen      total 138752K, used 9727K [0x00000000e0000000, 0x00000000e9f00000, 0x0000000100000000)
  eden space 129024K, 0% used [0x00000000e0000000,0x00000000e0000000,0x00000000e7e00000)
  from space 9728K, 99% used [0x00000000e7e00000,0x00000000e877fc40,0x00000000e8780000)
  to   space 12800K, 0% used [0x00000000e9280000,0x00000000e9280000,0x00000000e9f00000)
 ParOldGen       total 62464K, used 11524K [0x00000000a0000000, 0x00000000a3d00000, 0x00000000e0000000)
  object space 62464K, 18% used [0x00000000a0000000,0x00000000a0b41338,0x00000000a3d00000)
 Metaspace       used 34712K, capacity 35308K, committed 35416K, reserved 1079296K
  class space    used 4812K, capacity 5026K, committed 5120K, reserved 1048576K
Event: 10.755 GC heap after
Heap after GC invocations=9 (full 2):
 PSYoungGen      total 138752K, used 0K [0x00000000e0000000, 0x00000000e9f00000, 0x0000000100000000)
  eden space 129024K, 0% used [0x00000000e0000000,0x00000000e0000000,0x00000000e7e00000)
  from space 9728K, 0% used [0x00000000e7e00000,0x00000000e7e00000,0x00000000e8780000)
  to   space 12800K, 0% used [0x00000000e9280000,0x00000000e9280000,0x00000000e9f00000)
 ParOldGen       total 104960K, used 19131K [0x00000000a0000000, 0x00000000a6680000, 0x00000000e0000000)
  object space 104960K, 18% used [0x00000000a0000000,0x00000000a12aec78,0x00000000a6680000)
 Metaspace       used 34712K, capacity 35308K, committed 35416K, reserved 1079296K
  class space    used 4812K, capacity 5026K, committed 5120K, reserved 1048576K
}
Event: 13.607 GC heap before
{Heap before GC invocations=10 (full 2):
 PSYoungGen      total 138752K, used 129024K [0x00000000e0000000, 0x00000000e9f00000, 0x0000000100000000)
  eden space 129024K, 100% used [0x00000000e0000000,0x00000000e7e00000,0x00000000e7e00000)
  from space 9728K, 0% used [0x00000000e7e00000,0x00000000e7e00000,0x00000000e8780000)
  to   space 12800K, 0% used [0x00000000e9280000,0x00000000e9280000,0x00000000e9f00000)
 ParOldGen       total 104960K, used 19131K [0x00000000a0000000, 0x00000000a6680000, 0x00000000e0000000)
  object space 104960K, 18% used [0x00000000a0000000,0x00000000a12aec78,0x00000000a6680000)
 Metaspace       used 41731K, capacity 42526K, committed 42880K, reserved 1085440K
  class space    used 5638K, capacity 5901K, committed 6016K, reserved 1048576K
Event: 13.661 GC heap after
Heap after GC invocations=10 (full 2):
 PSYoungGen      total 147456K, used 12794K [0x00000000e0000000, 0x00000000ecb80000, 0x0000000100000000)
  eden space 134656K, 0% used [0x00000000e0000000,0x00000000e0000000,0x00000000e8380000)
  from space 12800K, 99% used [0x00000000e9280000,0x00000000e9efeaa0,0x00000000e9f00000)
  to   space 15360K, 0% used [0x00000000e8380000,0x00000000e8380000,0x00000000e9280000)
 ParOldGen       total 104960K, used 21254K [0x00000000a0000000, 0x00000000a6680000, 0x00000000e0000000)
  object space 104960K, 20% used [0x00000000a0000000,0x00000000a14c1a20,0x00000000a6680000)
 Metaspace       used 41731K, capacity 42526K, committed 42880K, reserved 1085440K
  class space    used 5638K, capacity 5901K, committed 6016K, reserved 1048576K
}
Event: 16.995 GC heap before
{Heap before GC invocations=11 (full 2):
 PSYoungGen      total 147456K, used 147450K [0x00000000e0000000, 0x00000000ecb80000, 0x0000000100000000)
  eden space 134656K, 100% used [0x00000000e0000000,0x00000000e8380000,0x00000000e8380000)
  from space 12800K, 99% used [0x00000000e9280000,0x00000000e9efeaa0,0x00000000e9f00000)
  to   space 15360K, 0% used [0x00000000e8380000,0x00000000e8380000,0x00000000e9280000)
 ParOldGen       total 104960K, used 21254K [0x00000000a0000000, 0x00000000a6680000, 0x00000000e0000000)
  object space 104960K, 20% used [0x00000000a0000000,0x00000000a14c1a20,0x00000000a6680000)
 Metaspace       used 48031K, capacity 49008K, committed 49280K, reserved 1091584K
  class space    used 6462K, capacity 6761K, committed 6784K, reserved 1048576K
Event: 17.025 GC heap after
Heap after GC invocations=11 (full 2):
 PSYoungGen      total 150016K, used 15334K [0x00000000e0000000, 0x00000000ec200000, 0x0000000100000000)
  eden space 134656K, 0% used [0x00000000e0000000,0x00000000e0000000,0x00000000e8380000)
  from space 15360K, 99% used [0x00000000e8380000,0x00000000e9279868,0x00000000e9280000)
  to   space 17920K, 0% used [0x00000000eb080000,0x00000000eb080000,0x00000000ec200000)
 ParOldGen       total 104960K, used 23101K [0x00000000a0000000, 0x00000000a6680000, 0x00000000e0000000)
  object space 104960K, 22% used [0x00000000a0000000,0x00000000a168f7b0,0x00000000a6680000)
 Metaspace       used 48031K, capacity 49008K, committed 49280K, reserved 1091584K
  class space    used 6462K, capacity 6761K, committed 6784K, reserved 1048576K
}

