# JRE version: OpenJDK Runtime Environment (8.0_152-b06) (build 1.8.0_152-release-1136-b06)
# Java VM: OpenJDK 64-Bit Server VM (25.152-b06 mixed mode windows-amd64 compressed oops)
Heap:
 PSYoungGen      total 332288K, used 42495K [0x00000000e0000000, 0x00000000fbd80000, 0x0000000100000000)
  eden space 289792K, 0% used [0x00000000e0000000,0x00000000e0000000,0x00000000f1b00000)
  from space 42496K, 99% used [0x00000000f5d00000,0x00000000f867fc60,0x00000000f8680000)
  to   space 67584K, 0% used [0x00000000f1b00000,0x00000000f1b00000,0x00000000f5d00000)
 ParOldGen       total 137728K, used 119677K [0x00000000a0000000, 0x00000000a8680000, 0x00000000e0000000)
  object space 137728K, 86% used [0x00000000a0000000,0x00000000a74df458,0x00000000a8680000)
 Metaspace       used 70733K, capacity 72836K, committed 73088K, reserved 1112064K
  class space    used 9248K, capacity 9809K, committed 9856K, reserved 1048576K
GC Heap History (10 events):
Event: 39.072 GC heap after
Heap after GC invocations=13 (full 2):
 PSYoungGen      total 197120K, used 9664K [0x00000000e0000000, 0x00000000f2300000, 0x0000000100000000)
  eden space 173568K, 0% used [0x00000000e0000000,0x00000000e0000000,0x00000000ea980000)
  from space 23552K, 41% used [0x00000000ea980000,0x00000000eb2f0308,0x00000000ec080000)
  to   space 22528K, 0% used [0x00000000f0d00000,0x00000000f0d00000,0x00000000f2300000)
 ParOldGen       total 99840K, used 42360K [0x00000000a0000000, 0x00000000a6180000, 0x00000000e0000000)
  object space 99840K, 42% used [0x00000000a0000000,0x00000000a295e100,0x00000000a6180000)
 Metaspace       used 57192K, capacity 58942K, committed 59008K, reserved 1099776K
  class space    used 7839K, capacity 8309K, committed 8320K, reserved 1048576K
}
Event: 39.072 GC heap before
{Heap before GC invocations=14 (full 3):
 PSYoungGen      total 197120K, used 9664K [0x00000000e0000000, 0x00000000f2300000, 0x0000000100000000)
  eden space 173568K, 0% used [0x00000000e0000000,0x00000000e0000000,0x00000000ea980000)
  from space 23552K, 41% used [0x00000000ea980000,0x00000000eb2f0308,0x00000000ec080000)
  to   space 22528K, 0% used [0x00000000f0d00000,0x00000000f0d00000,0x00000000f2300000)
 ParOldGen       total 99840K, used 42360K [0x00000000a0000000, 0x00000000a6180000, 0x00000000e0000000)
  object space 99840K, 42% used [0x00000000a0000000,0x00000000a295e100,0x00000000a6180000)
 Metaspace       used 57192K, capacity 58942K, committed 59008K, reserved 1099776K
  class space    used 7839K, capacity 8309K, committed 8320K, reserved 1048576K
Event: 39.507 GC heap after
Heap after GC invocations=14 (full 3):
 PSYoungGen      total 197120K, used 0K [0x00000000e0000000, 0x00000000f2300000, 0x0000000100000000)
  eden space 173568K, 0% used [0x00000000e0000000,0x00000000e0000000,0x00000000ea980000)
  from space 23552K, 0% used [0x00000000ea980000,0x00000000ea980000,0x00000000ec080000)
  to   space 22528K, 0% used [0x00000000f0d00000,0x00000000f0d00000,0x00000000f2300000)
 ParOldGen       total 137728K, used 36918K [0x00000000a0000000, 0x00000000a8680000, 0x00000000e0000000)
  object space 137728K, 26% used [0x00000000a0000000,0x00000000a240db68,0x00000000a8680000)
 Metaspace       used 57192K, capacity 58942K, committed 59008K, reserved 1099776K
  class space    used 7839K, capacity 8309K, committed 8320K, reserved 1048576K
}
Event: 55.152 GC heap before
{Heap before GC invocations=15 (full 3):
 PSYoungGen      total 197120K, used 173378K [0x00000000e0000000, 0x00000000f2300000, 0x0000000100000000)
  eden space 173568K, 99% used [0x00000000e0000000,0x00000000ea950848,0x00000000ea980000)
  from space 23552K, 0% used [0x00000000ea980000,0x00000000ea980000,0x00000000ec080000)
  to   space 22528K, 0% used [0x00000000f0d00000,0x00000000f0d00000,0x00000000f2300000)
 ParOldGen       total 137728K, used 36918K [0x00000000a0000000, 0x00000000a8680000, 0x00000000e0000000)
  object space 137728K, 26% used [0x00000000a0000000,0x00000000a240db68,0x00000000a8680000)
 Metaspace       used 61999K, capacity 64038K, committed 64256K, reserved 1103872K
  class space    used 8366K, capacity 8888K, committed 8960K, reserved 1048576K
Event: 55.218 GC heap after
Heap after GC invocations=15 (full 3):
 PSYoungGen      total 259584K, used 22520K [0x00000000e0000000, 0x00000000f2300000, 0x0000000100000000)
  eden space 237056K, 0% used [0x00000000e0000000,0x00000000e0000000,0x00000000ee780000)
  from space 22528K, 99% used [0x00000000f0d00000,0x00000000f22fe2d0,0x00000000f2300000)
  to   space 27648K, 0% used [0x00000000eed00000,0x00000000eed00000,0x00000000f0800000)
 ParOldGen       total 137728K, used 41540K [0x00000000a0000000, 0x00000000a8680000, 0x00000000e0000000)
  object space 137728K, 30% used [0x00000000a0000000,0x00000000a2891280,0x00000000a8680000)
 Metaspace       used 61999K, capacity 64038K, committed 64256K, reserved 1103872K
  class space    used 8366K, capacity 8888K, committed 8960K, reserved 1048576K
}
Event: 91.037 GC heap before
{Heap before GC invocations=16 (full 3):
 PSYoungGen      total 259584K, used 259576K [0x00000000e0000000, 0x00000000f2300000, 0x0000000100000000)
  eden space 237056K, 100% used [0x00000000e0000000,0x00000000ee780000,0x00000000ee780000)
  from space 22528K, 99% used [0x00000000f0d00000,0x00000000f22fe2d0,0x00000000f2300000)
  to   space 27648K, 0% used [0x00000000eed00000,0x00000000eed00000,0x00000000f0800000)
 ParOldGen       total 137728K, used 41540K [0x00000000a0000000, 0x00000000a8680000, 0x00000000e0000000)
  object space 137728K, 30% used [0x00000000a0000000,0x00000000a2891280,0x00000000a8680000)
 Metaspace       used 67792K, capacity 69790K, committed 70016K, reserved 1110016K
  class space    used 9012K, capacity 9584K, committed 9600K, reserved 1048576K
Event: 91.150 GC heap after
Heap after GC invocations=16 (full 3):
 PSYoungGen      total 270336K, used 27628K [0x00000000e0000000, 0x00000000f8680000, 0x0000000100000000)
  eden space 242688K, 0% used [0x00000000e0000000,0x00000000e0000000,0x00000000eed00000)
  from space 27648K, 99% used [0x00000000eed00000,0x00000000f07fb0e8,0x00000000f0800000)
  to   space 42496K, 0% used [0x00000000f5d00000,0x00000000f5d00000,0x00000000f8680000)
 ParOldGen       total 137728K, used 71166K [0x00000000a0000000, 0x00000000a8680000, 0x00000000e0000000)
  object space 137728K, 51% used [0x00000000a0000000,0x00000000a457fbe0,0x00000000a8680000)
 Metaspace       used 67792K, capacity 69790K, committed 70016K, reserved 1110016K
  class space    used 9012K, capacity 9584K, committed 9600K, reserved 1048576K
}
Event: 100.794 GC heap before
{Heap before GC invocations=17 (full 3):
 PSYoungGen      total 270336K, used 270316K [0x00000000e0000000, 0x00000000f8680000, 0x0000000100000000)
  eden space 242688K, 100% used [0x00000000e0000000,0x00000000eed00000,0x00000000eed00000)
  from space 27648K, 99% used [0x00000000eed00000,0x00000000f07fb0e8,0x00000000f0800000)
  to   space 42496K, 0% used [0x00000000f5d00000,0x00000000f5d00000,0x00000000f8680000)
 ParOldGen       total 137728K, used 71166K [0x00000000a0000000, 0x00000000a8680000, 0x00000000e0000000)
  object space 137728K, 51% used [0x00000000a0000000,0x00000000a457fbe0,0x00000000a8680000)
 Metaspace       used 70733K, capacity 72836K, committed 73088K, reserved 1112064K
  class space    used 9248K, capacity 9809K, committed 9856K, reserved 1048576K
Event: 100.987 GC heap after
Heap after GC invocations=17 (full 3):
 PSYoungGen      total 332288K, used 42495K [0x00000000e0000000, 0x00000000fbd80000, 0x0000000100000000)
  eden space 289792K, 0% used [0x00000000e0000000,0x00000000e0000000,0x00000000f1b00000)
  from space 42496K, 99% used [0x00000000f5d00000,0x00000000f867fc60,0x00000000f8680000)
  to   space 67584K, 0% used [0x00000000f1b00000,0x00000000f1b00000,0x00000000f5d00000)
 ParOldGen       total 137728K, used 119677K [0x00000000a0000000, 0x00000000a8680000, 0x00000000e0000000)
  object space 137728K, 86% used [0x00000000a0000000,0x00000000a74df458,0x00000000a8680000)
 Metaspace       used 70733K, capacity 72836K, committed 73088K, reserved 1112064K
  class space    used 9248K, capacity 9809K, committed 9856K, reserved 1048576K
}
Event: 100.988 GC heap before
{Heap before GC invocations=18 (full 4):
 PSYoungGen      total 332288K, used 42495K [0x00000000e0000000, 0x00000000fbd80000, 0x0000000100000000)
  eden space 289792K, 0% used [0x00000000e0000000,0x00000000e0000000,0x00000000f1b00000)
  from space 42496K, 99% used [0x00000000f5d00000,0x00000000f867fc60,0x00000000f8680000)
  to   space 67584K, 0% used [0x00000000f1b00000,0x00000000f1b00000,0x00000000f5d00000)
 ParOldGen       total 137728K, used 119677K [0x00000000a0000000, 0x00000000a8680000, 0x00000000e0000000)
  object space 137728K, 86% used [0x00000000a0000000,0x00000000a74df458,0x00000000a8680000)
 Metaspace       used 70733K, capacity 72836K, committed 73088K, reserved 1112064K
  class space    used 9248K, capacity 9809K, committed 9856K, reserved 1048576K

